<?xml version="1.0" encoding="UTF-8"?>
<!-- Generated by org.testng.reporters.JUnitReportReporter -->
<testsuite skipped="0" hostname="DESKTOP-L2O0OSU" name="Test2020_4.Test2020_A_4.jobSchedular" tests="1" failures="0" timestamp="20 Jul 2020 18:00:20 GMT" time="24.633" errors="0">
  <testcase name="test" time="24.633" classname="Test2020_4.Test2020_A_4.jobSchedular"/>
</testsuite> <!-- Test2020_4.Test2020_A_4.jobSchedular -->
