<?xml version="1.0" encoding="UTF-8"?>
<!-- Generated by org.testng.reporters.JUnitReportReporter -->
<testsuite skipped="0" hostname="DESKTOP-L2O0OSU" name="Test2020_4.Test2020_A_4.jobSchedular" tests="1" failures="0" timestamp="18 Jul 2020 19:27:42 GMT" time="12.885" errors="0">
  <testcase name="test" time="12.885" classname="Test2020_4.Test2020_A_4.jobSchedular"/>
</testsuite> <!-- Test2020_4.Test2020_A_4.jobSchedular -->
